# JRE version: OpenJDK Runtime Environment Temurin-21.0.9+10 (21.0.9+10) (build 21.0.9+10-LTS)
# Java VM: OpenJDK 64-Bit Server VM Temurin-21.0.9+10 (21.0.9+10-LTS, mixed mode, sharing, tiered, compressed oops, compressed class ptrs, parallel gc, windows-amd64)
GC Precious Log:
 CardTable entry size: 512
 CPUs: 4 total, 4 available
 Memory: 4011M
 Large Page Support: Disabled
 NUMA Support: Disabled
 Compressed Oops: Enabled (32-bit)
 Alignments: Space 512K, Generation 512K, Heap 2M
 Heap Min Capacity: 100M
 Heap Initial Capacity: 100M
 Heap Max Capacity: 2G
 Pre-touch: Disabled
 Parallel Workers: 4
Heap:
 PSYoungGen      total 4608K, used 1621K [0x00000000d5580000, 0x00000000d5b00000, 0x0000000100000000)
  eden space 4096K, 28% used [0x00000000d5580000,0x00000000d56a5670,0x00000000d5980000)
  from space 512K, 87% used [0x00000000d5a00000,0x00000000d5a70000,0x00000000d5a80000)
  to   space 512K, 0% used [0x00000000d5a80000,0x00000000d5a80000,0x00000000d5b00000)
 ParOldGen       total 1091584K, used 1091257K [0x0000000080000000, 0x00000000c2a00000, 0x00000000d5580000)
  object space 1091584K, 99% used [0x0000000080000000,0x00000000c29ae790,0x00000000c2a00000)
 Metaspace       used 93215K, committed 94912K, reserved 1179648K
  class space    used 9620K, committed 10368K, reserved 1048576K
GC Heap History (20 events):
Event: 14227.186 GC heap before
{Heap before GC invocations=2186 (full 5):
 PSYoungGen      total 1536K, used 1504K [0x00000000d5580000, 0x00000000d5980000, 0x0000000100000000)
  eden space 1024K, 100% used [0x00000000d5580000,0x00000000d5680000,0x00000000d5680000)
  from space 512K, 93% used [0x00000000d5800000,0x00000000d5878000,0x00000000d5880000)
  to   space 1024K, 0% used [0x00000000d5880000,0x00000000d5880000,0x00000000d5980000)
 ParOldGen       total 1081344K, used 1081136K [0x0000000080000000, 0x00000000c2000000, 0x00000000d5580000)
  object space 1081344K, 99% used [0x0000000080000000,0x00000000c1fcc330,0x00000000c2000000)
 Metaspace       used 93207K, committed 94912K, reserved 1179648K
  class space    used 9620K, committed 10368K, reserved 1048576K
}
Event: 14227.192 GC heap after
{Heap after GC invocations=2186 (full 5):
 PSYoungGen      total 2560K, used 992K [0x00000000d5580000, 0x00000000d5a00000, 0x0000000100000000)
  eden space 1536K, 0% used [0x00000000d5580000,0x00000000d5580000,0x00000000d5700000)
  from space 1024K, 96% used [0x00000000d5880000,0x00000000d5978000,0x00000000d5980000)
  to   space 1536K, 0% used [0x00000000d5700000,0x00000000d5700000,0x00000000d5880000)
 ParOldGen       total 1081856K, used 1081568K [0x0000000080000000, 0x00000000c2080000, 0x00000000d5580000)
  object space 1081856K, 99% used [0x0000000080000000,0x00000000c2038330,0x00000000c2080000)
 Metaspace       used 93207K, committed 94912K, reserved 1179648K
  class space    used 9620K, committed 10368K, reserved 1048576K
}
Event: 14227.216 GC heap before
{Heap before GC invocations=2187 (full 5):
 PSYoungGen      total 2560K, used 2528K [0x00000000d5580000, 0x00000000d5a00000, 0x0000000100000000)
  eden space 1536K, 100% used [0x00000000d5580000,0x00000000d5700000,0x00000000d5700000)
  from space 1024K, 96% used [0x00000000d5880000,0x00000000d5978000,0x00000000d5980000)
  to   space 1536K, 0% used [0x00000000d5700000,0x00000000d5700000,0x00000000d5880000)
 ParOldGen       total 1081856K, used 1081568K [0x0000000080000000, 0x00000000c2080000, 0x00000000d5580000)
  object space 1081856K, 99% used [0x0000000080000000,0x00000000c2038330,0x00000000c2080000)
 Metaspace       used 93207K, committed 94912K, reserved 1179648K
  class space    used 9620K, committed 10368K, reserved 1048576K
}
Event: 14227.222 GC heap after
{Heap after GC invocations=2187 (full 5):
 PSYoungGen      total 3072K, used 1184K [0x00000000d5580000, 0x00000000d5a80000, 0x0000000100000000)
  eden space 1536K, 0% used [0x00000000d5580000,0x00000000d5580000,0x00000000d5700000)
  from space 1536K, 77% used [0x00000000d5700000,0x00000000d5828000,0x00000000d5880000)
  to   space 1536K, 0% used [0x00000000d5900000,0x00000000d5900000,0x00000000d5a80000)
 ParOldGen       total 1082880K, used 1082504K [0x0000000080000000, 0x00000000c2180000, 0x00000000d5580000)
  object space 1082880K, 99% used [0x0000000080000000,0x00000000c2122330,0x00000000c2180000)
 Metaspace       used 93207K, committed 94912K, reserved 1179648K
  class space    used 9620K, committed 10368K, reserved 1048576K
}
Event: 14227.232 GC heap before
{Heap before GC invocations=2188 (full 5):
 PSYoungGen      total 3072K, used 2720K [0x00000000d5580000, 0x00000000d5a80000, 0x0000000100000000)
  eden space 1536K, 100% used [0x00000000d5580000,0x00000000d5700000,0x00000000d5700000)
  from space 1536K, 77% used [0x00000000d5700000,0x00000000d5828000,0x00000000d5880000)
  to   space 1536K, 0% used [0x00000000d5900000,0x00000000d5900000,0x00000000d5a80000)
 ParOldGen       total 1082880K, used 1082504K [0x0000000080000000, 0x00000000c2180000, 0x00000000d5580000)
  object space 1082880K, 99% used [0x0000000080000000,0x00000000c2122330,0x00000000c2180000)
 Metaspace       used 93207K, committed 94912K, reserved 1179648K
  class space    used 9620K, committed 10368K, reserved 1048576K
}
Event: 14227.239 GC heap after
{Heap after GC invocations=2188 (full 5):
 PSYoungGen      total 3584K, used 1472K [0x00000000d5580000, 0x00000000d5a80000, 0x0000000100000000)
  eden space 2048K, 0% used [0x00000000d5580000,0x00000000d5580000,0x00000000d5780000)
  from space 1536K, 95% used [0x00000000d5900000,0x00000000d5a70000,0x00000000d5a80000)
  to   space 1536K, 0% used [0x00000000d5780000,0x00000000d5780000,0x00000000d5900000)
 ParOldGen       total 1083904K, used 1083672K [0x0000000080000000, 0x00000000c2280000, 0x00000000d5580000)
  object space 1083904K, 99% used [0x0000000080000000,0x00000000c2246330,0x00000000c2280000)
 Metaspace       used 93207K, committed 94912K, reserved 1179648K
  class space    used 9620K, committed 10368K, reserved 1048576K
}
Event: 14227.251 GC heap before
{Heap before GC invocations=2189 (full 5):
 PSYoungGen      total 3584K, used 3520K [0x00000000d5580000, 0x00000000d5a80000, 0x0000000100000000)
  eden space 2048K, 100% used [0x00000000d5580000,0x00000000d5780000,0x00000000d5780000)
  from space 1536K, 95% used [0x00000000d5900000,0x00000000d5a70000,0x00000000d5a80000)
  to   space 1536K, 0% used [0x00000000d5780000,0x00000000d5780000,0x00000000d5900000)
 ParOldGen       total 1083904K, used 1083672K [0x0000000080000000, 0x00000000c2280000, 0x00000000d5580000)
  object space 1083904K, 99% used [0x0000000080000000,0x00000000c2246330,0x00000000c2280000)
 Metaspace       used 93207K, committed 94912K, reserved 1179648K
  class space    used 9620K, committed 10368K, reserved 1048576K
}
Event: 14227.258 GC heap after
{Heap after GC invocations=2189 (full 5):
 PSYoungGen      total 3584K, used 1536K [0x00000000d5580000, 0x00000000d5f00000, 0x0000000100000000)
  eden space 2048K, 0% used [0x00000000d5580000,0x00000000d5580000,0x00000000d5780000)
  from space 1536K, 100% used [0x00000000d5780000,0x00000000d5900000,0x00000000d5900000)
  to   space 3584K, 0% used [0x00000000d5b80000,0x00000000d5b80000,0x00000000d5f00000)
 ParOldGen       total 1085440K, used 1085352K [0x0000000080000000, 0x00000000c2400000, 0x00000000d5580000)
  object space 1085440K, 99% used [0x0000000080000000,0x00000000c23ea330,0x00000000c2400000)
 Metaspace       used 93207K, committed 94912K, reserved 1179648K
  class space    used 9620K, committed 10368K, reserved 1048576K
}
Event: 14227.287 GC heap before
{Heap before GC invocations=2190 (full 5):
 PSYoungGen      total 3584K, used 3583K [0x00000000d5580000, 0x00000000d5f00000, 0x0000000100000000)
  eden space 2048K, 99% used [0x00000000d5580000,0x00000000d577ffd8,0x00000000d5780000)
  from space 1536K, 100% used [0x00000000d5780000,0x00000000d5900000,0x00000000d5900000)
  to   space 3584K, 0% used [0x00000000d5b80000,0x00000000d5b80000,0x00000000d5f00000)
 ParOldGen       total 1085440K, used 1085352K [0x0000000080000000, 0x00000000c2400000, 0x00000000d5580000)
  object space 1085440K, 99% used [0x0000000080000000,0x00000000c23ea330,0x00000000c2400000)
 Metaspace       used 93207K, committed 94912K, reserved 1179648K
  class space    used 9620K, committed 10368K, reserved 1048576K
}
Event: 14227.295 GC heap after
{Heap after GC invocations=2190 (full 5):
 PSYoungGen      total 4608K, used 1764K [0x00000000d5580000, 0x00000000d5d80000, 0x0000000100000000)
  eden space 2560K, 0% used [0x00000000d5580000,0x00000000d5580000,0x00000000d5800000)
  from space 2048K, 86% used [0x00000000d5b80000,0x00000000d5d39000,0x00000000d5d80000)
  to   space 2560K, 0% used [0x00000000d5880000,0x00000000d5880000,0x00000000d5b00000)
 ParOldGen       total 1086976K, used 1086904K [0x0000000080000000, 0x00000000c2580000, 0x00000000d5580000)
  object space 1086976K, 99% used [0x0000000080000000,0x00000000c256e330,0x00000000c2580000)
 Metaspace       used 93207K, committed 94912K, reserved 1179648K
  class space    used 9620K, committed 10368K, reserved 1048576K
}
Event: 14227.340 GC heap before
{Heap before GC invocations=2191 (full 5):
 PSYoungGen      total 4608K, used 3786K [0x00000000d5580000, 0x00000000d5d80000, 0x0000000100000000)
  eden space 2560K, 78% used [0x00000000d5580000,0x00000000d5779860,0x00000000d5800000)
  from space 2048K, 86% used [0x00000000d5b80000,0x00000000d5d39000,0x00000000d5d80000)
  to   space 2560K, 0% used [0x00000000d5880000,0x00000000d5880000,0x00000000d5b00000)
 ParOldGen       total 1086976K, used 1086904K [0x0000000080000000, 0x00000000c2580000, 0x00000000d5580000)
  object space 1086976K, 99% used [0x0000000080000000,0x00000000c256e330,0x00000000c2580000)
 Metaspace       used 93209K, committed 94912K, reserved 1179648K
  class space    used 9620K, committed 10368K, reserved 1048576K
}
Event: 14227.348 GC heap after
{Heap after GC invocations=2191 (full 5):
 PSYoungGen      total 5120K, used 1952K [0x00000000d5580000, 0x00000000d5c80000, 0x0000000100000000)
  eden space 3072K, 0% used [0x00000000d5580000,0x00000000d5580000,0x00000000d5880000)
  from space 2048K, 95% used [0x00000000d5880000,0x00000000d5a68000,0x00000000d5a80000)
  to   space 2048K, 0% used [0x00000000d5a80000,0x00000000d5a80000,0x00000000d5c80000)
 ParOldGen       total 1088512K, used 1088208K [0x0000000080000000, 0x00000000c2700000, 0x00000000d5580000)
  object space 1088512K, 99% used [0x0000000080000000,0x00000000c26b4330,0x00000000c2700000)
 Metaspace       used 93209K, committed 94912K, reserved 1179648K
  class space    used 9620K, committed 10368K, reserved 1048576K
}
Event: 14228.424 GC heap before
{Heap before GC invocations=2192 (full 5):
 PSYoungGen      total 5120K, used 5023K [0x00000000d5580000, 0x00000000d5c80000, 0x0000000100000000)
  eden space 3072K, 99% used [0x00000000d5580000,0x00000000d587ffb0,0x00000000d5880000)
  from space 2048K, 95% used [0x00000000d5880000,0x00000000d5a68000,0x00000000d5a80000)
  to   space 2048K, 0% used [0x00000000d5a80000,0x00000000d5a80000,0x00000000d5c80000)
 ParOldGen       total 1088512K, used 1088208K [0x0000000080000000, 0x00000000c2700000, 0x00000000d5580000)
  object space 1088512K, 99% used [0x0000000080000000,0x00000000c26b4330,0x00000000c2700000)
 Metaspace       used 93209K, committed 94912K, reserved 1179648K
  class space    used 9620K, committed 10368K, reserved 1048576K
}
Event: 14228.433 GC heap after
{Heap after GC invocations=2192 (full 5):
 PSYoungGen      total 4096K, used 970K [0x00000000d5580000, 0x00000000d5b80000, 0x0000000100000000)
  eden space 3072K, 0% used [0x00000000d5580000,0x00000000d5580000,0x00000000d5880000)
  from space 1024K, 94% used [0x00000000d5a80000,0x00000000d5b72920,0x00000000d5b80000)
  to   space 1536K, 0% used [0x00000000d5880000,0x00000000d5880000,0x00000000d5a00000)
 ParOldGen       total 1089536K, used 1089520K [0x0000000080000000, 0x00000000c2800000, 0x00000000d5580000)
  object space 1089536K, 99% used [0x0000000080000000,0x00000000c27fc330,0x00000000c2800000)
 Metaspace       used 93209K, committed 94912K, reserved 1179648K
  class space    used 9620K, committed 10368K, reserved 1048576K
}
Event: 14228.452 GC heap before
{Heap before GC invocations=2193 (full 5):
 PSYoungGen      total 4096K, used 4042K [0x00000000d5580000, 0x00000000d5b80000, 0x0000000100000000)
  eden space 3072K, 100% used [0x00000000d5580000,0x00000000d5880000,0x00000000d5880000)
  from space 1024K, 94% used [0x00000000d5a80000,0x00000000d5b72920,0x00000000d5b80000)
  to   space 1536K, 0% used [0x00000000d5880000,0x00000000d5880000,0x00000000d5a00000)
 ParOldGen       total 1089536K, used 1089520K [0x0000000080000000, 0x00000000c2800000, 0x00000000d5580000)
  object space 1089536K, 99% used [0x0000000080000000,0x00000000c27fc330,0x00000000c2800000)
 Metaspace       used 93209K, committed 94912K, reserved 1179648K
  class space    used 9620K, committed 10368K, reserved 1048576K
}
Event: 14228.460 GC heap after
{Heap after GC invocations=2193 (full 5):
 PSYoungGen      total 4608K, used 448K [0x00000000d5580000, 0x00000000d5b80000, 0x0000000100000000)
  eden space 3072K, 0% used [0x00000000d5580000,0x00000000d5580000,0x00000000d5880000)
  from space 1536K, 29% used [0x00000000d5880000,0x00000000d58f0000,0x00000000d5a00000)
  to   space 1024K, 0% used [0x00000000d5a80000,0x00000000d5a80000,0x00000000d5b80000)
 ParOldGen       total 1091072K, used 1090477K [0x0000000080000000, 0x00000000c2980000, 0x00000000d5580000)
  object space 1091072K, 99% used [0x0000000080000000,0x00000000c28eb560,0x00000000c2980000)
 Metaspace       used 93209K, committed 94912K, reserved 1179648K
  class space    used 9620K, committed 10368K, reserved 1048576K
}
Event: 14228.503 GC heap before
{Heap before GC invocations=2194 (full 5):
 PSYoungGen      total 4608K, used 3520K [0x00000000d5580000, 0x00000000d5b80000, 0x0000000100000000)
  eden space 3072K, 100% used [0x00000000d5580000,0x00000000d5880000,0x00000000d5880000)
  from space 1536K, 29% used [0x00000000d5880000,0x00000000d58f0000,0x00000000d5a00000)
  to   space 1024K, 0% used [0x00000000d5a80000,0x00000000d5a80000,0x00000000d5b80000)
 ParOldGen       total 1091072K, used 1090477K [0x0000000080000000, 0x00000000c2980000, 0x00000000d5580000)
  object space 1091072K, 99% used [0x0000000080000000,0x00000000c28eb560,0x00000000c2980000)
 Metaspace       used 93210K, committed 94912K, reserved 1179648K
  class space    used 9620K, committed 10368K, reserved 1048576K
}
Event: 14228.509 GC heap after
{Heap after GC invocations=2194 (full 5):
 PSYoungGen      total 3584K, used 468K [0x00000000d5580000, 0x00000000d5b00000, 0x0000000100000000)
  eden space 3072K, 0% used [0x00000000d5580000,0x00000000d5580000,0x00000000d5880000)
  from space 512K, 91% used [0x00000000d5a80000,0x00000000d5af5200,0x00000000d5b00000)
  to   space 512K, 0% used [0x00000000d5a00000,0x00000000d5a00000,0x00000000d5a80000)
 ParOldGen       total 1091072K, used 1090869K [0x0000000080000000, 0x00000000c2980000, 0x00000000d5580000)
  object space 1091072K, 99% used [0x0000000080000000,0x00000000c294d580,0x00000000c2980000)
 Metaspace       used 93210K, committed 94912K, reserved 1179648K
  class space    used 9620K, committed 10368K, reserved 1048576K
}
Event: 14228.520 GC heap before
{Heap before GC invocations=2195 (full 5):
 PSYoungGen      total 3584K, used 3540K [0x00000000d5580000, 0x00000000d5b00000, 0x0000000100000000)
  eden space 3072K, 100% used [0x00000000d5580000,0x00000000d5880000,0x00000000d5880000)
  from space 512K, 91% used [0x00000000d5a80000,0x00000000d5af5200,0x00000000d5b00000)
  to   space 512K, 0% used [0x00000000d5a00000,0x00000000d5a00000,0x00000000d5a80000)
 ParOldGen       total 1091072K, used 1090869K [0x0000000080000000, 0x00000000c2980000, 0x00000000d5580000)
  object space 1091072K, 99% used [0x0000000080000000,0x00000000c294d580,0x00000000c2980000)
 Metaspace       used 93210K, committed 94912K, reserved 1179648K
  class space    used 9620K, committed 10368K, reserved 1048576K
}
Event: 14228.525 GC heap after
{Heap after GC invocations=2195 (full 5):
 PSYoungGen      total 4608K, used 448K [0x00000000d5580000, 0x00000000d5b00000, 0x0000000100000000)
  eden space 4096K, 0% used [0x00000000d5580000,0x00000000d5580000,0x00000000d5980000)
  from space 512K, 87% used [0x00000000d5a00000,0x00000000d5a70000,0x00000000d5a80000)
  to   space 512K, 0% used [0x00000000d5a80000,0x00000000d5a80000,0x00000000d5b00000)
 ParOldGen       total 1091584K, used 1091257K [0x0000000080000000, 0x00000000c2a00000, 0x00000000d5580000)
  object space 1091584K, 99% used [0x0000000080000000,0x00000000c29ae790,0x00000000c2a00000)
 Metaspace       used 93210K, committed 94912K, reserved 1179648K
  class space    used 9620K, committed 10368K, reserved 1048576K
}

